{"tag": "function", "depth": 1, "time": 1749732200.914868, "data": {"name": "connect_device", "call_args": {"uri": "Android://127.0.0.1:5037/AINOTEA224042300042"}, "start_time": 1749732200.6981788, "ret": "<Android 'AINOTEA224042300042'>", "end_time": 1749732200.914868}}
{"tag": "function", "depth": 1, "time": 1749732204.0771618, "data": {"name": "record_ui", "call_args": {"driver": "<poco.drivers.android.uiautomation.AndroidUiautomationPoco object at 0x0000023C0C7F2AC0>", "action": "'click'", "ui": "UIObjectProxy of \"AI\u52a9\u624b\"", "args": "[0.06666666666666667, 0.4140625]"}, "start_time": 1749732204.0771618, "ret": "UIObjectProxy of \"AI\u52a9\u624b\"", "end_time": 1749732204.0771618}}
{"tag": "function", "depth": 2, "time": 1749732207.4344535, "data": {"name": "try_log_screen", "call_args": {"screen": null, "quality": null, "max_size": null}, "start_time": 1749732205.9556205, "ret": {"screen": "1749732207398.jpg", "resolution": [1200, 1920]}, "end_time": 1749732207.4344535}}
{"tag": "function", "depth": 1, "time": 1749732208.1930015, "data": {"name": "touch", "call_args": {"v": [80.0, 795.0], "kwargs": {"duration": 0.01}, "times": 1}, "start_time": 1749732205.9556205, "ret": [80.0, 795.0], "end_time": 1749732208.1930015}}
{"tag": "function", "depth": 1, "time": 1749732210.081519, "data": {"name": "record_ui", "call_args": {"driver": "<poco.drivers.android.uiautomation.AndroidUiautomationPoco object at 0x0000023C0C7F2AC0>", "action": "'click'", "ui": "UIObjectProxy of \"\u6587\u4ef6\u8f93\u5165\"", "args": "[0.925, 0.9296875]"}, "start_time": 1749732210.081519, "ret": "UIObjectProxy of \"\u6587\u4ef6\u8f93\u5165\"", "end_time": 1749732210.081519}}
{"tag": "function", "depth": 2, "time": 1749732210.202029, "data": {"name": "try_log_screen", "call_args": {"screen": null, "quality": null, "max_size": null}, "start_time": 1749732210.081519, "ret": {"screen": "1749732210186.jpg", "resolution": [1200, 1920]}, "end_time": 1749732210.202029}}
{"tag": "function", "depth": 1, "time": 1749732210.4232576, "data": {"name": "touch", "call_args": {"v": [1110.0, 1785.0], "kwargs": {"duration": 0.01}, "times": 1}, "start_time": 1749732210.081519, "ret": [1110.0, 1785.0], "end_time": 1749732210.4232576}}
{"tag": "function", "depth": 1, "time": 1749732212.2506082, "data": {"name": "record_ui", "call_args": {"driver": "<poco.drivers.android.uiautomation.AndroidUiautomationPoco object at 0x0000023C0C7F2AC0>", "action": "'click'", "ui": "UIObjectProxy of \"text=\u6587\u6863\"", "args": "[0.5933333333333334, 0.10104166666666667]"}, "start_time": 1749732212.2506082, "ret": "UIObjectProxy of \"text=\u6587\u6863\"", "end_time": 1749732212.2506082}}
{"tag": "function", "depth": 2, "time": 1749732212.3345404, "data": {"name": "try_log_screen", "call_args": {"screen": null, "quality": null, "max_size": null}, "start_time": 1749732212.2506082, "ret": {"screen": "1749732212318.jpg", "resolution": [1200, 1920]}, "end_time": 1749732212.3345404}}
{"tag": "function", "depth": 1, "time": 1749732212.549059, "data": {"name": "touch", "call_args": {"v": [712.0, 194.0], "kwargs": {"duration": 0.01}, "times": 1}, "start_time": 1749732212.2506082, "ret": [712.0, 194.0], "end_time": 1749732212.549059}}
{"tag": "function", "depth": 1, "time": 1749732215.2675796, "data": {"name": "record_ui", "call_args": {"driver": "<poco.drivers.android.uiautomation.AndroidUiautomationPoco object at 0x0000023C0C7F2AC0>", "action": "'click'", "ui": "UIObjectProxy of \"android.widget.FrameLayout/android.widget.LinearLayout>com.android.documentsui:id/drawer_layout/android.widget.ScrollView>com.android.documentsui:id/container_directory>com.android.documentsui:id/dir_list/com.android.documentsui:id/item_root[0]/android.widget.LinearLayout/android.widget.LinearLayout>android:id/title\"", "args": "[0.3283333333333333, 0.3421875]"}, "start_time": 1749732215.2675796, "ret": "UIObjectProxy of \"android.widget.FrameLayout/android.widget.LinearLayout>com.android.documentsui:id/drawer_layout/android.widget.ScrollView>com.android.documentsui:id/container_directory>com.android.documentsui:id/dir_list/com.android.documentsui:id/item_root[0]/android.widget.LinearLayout/android.widget.LinearLayout>android:id/title\"", "end_time": 1749732215.2675796}}
{"tag": "function", "depth": 2, "time": 1749732215.394318, "data": {"name": "try_log_screen", "call_args": {"screen": null, "quality": null, "max_size": null}, "start_time": 1749732215.2685642, "ret": {"screen": "1749732215367.jpg", "resolution": [1200, 1920]}, "end_time": 1749732215.394318}}
{"tag": "function", "depth": 1, "time": 1749732215.6207712, "data": {"name": "touch", "call_args": {"v": [394.0, 657.0], "kwargs": {"duration": 0.01}, "times": 1}, "start_time": 1749732215.2685642, "ret": [394.0, 657.0], "end_time": 1749732215.6207712}}
{"tag": "function", "depth": 1, "time": 1749732218.2727976, "data": {"name": "record_ui", "call_args": {"driver": "<poco.drivers.android.uiautomation.AndroidUiautomationPoco object at 0x0000023C0C7F2AC0>", "action": "'click'", "ui": "UIObjectProxy of \"androidx.compose.ui.platform.ComposeView/android.view.View/android.view.View/android.view.View[2]>\u6587\u4ef6\"", "args": "[0.21166666666666667, 0.8791666666666667]"}, "start_time": 1749732218.2727976, "ret": "UIObjectProxy of \"androidx.compose.ui.platform.ComposeView/android.view.View/android.view.View/android.view.View[2]>\u6587\u4ef6\"", "end_time": 1749732218.2727976}}
{"tag": "function", "depth": 2, "time": 1749732218.342648, "data": {"name": "try_log_screen", "call_args": {"screen": null, "quality": null, "max_size": null}, "start_time": 1749732218.2727976, "ret": {"screen": "1749732218325.jpg", "resolution": [1200, 1920]}, "end_time": 1749732218.342648}}
{"tag": "function", "depth": 1, "time": 1749732218.5600371, "data": {"name": "touch", "call_args": {"v": [254.0, 1688.0], "kwargs": {"duration": 0.01}, "times": 1}, "start_time": 1749732218.2727976, "ret": [254.0, 1688.0], "end_time": 1749732218.5600371}}
{"tag": "function", "depth": 2, "time": 1749732227.8319736, "data": {"name": "try_log_screen", "call_args": {"screen": null, "quality": null, "max_size": null}, "start_time": 1749732227.7255492, "ret": {"screen": "1749732227817.jpg", "resolution": [1200, 1920]}, "end_time": 1749732227.8319736}}
{"tag": "info", "depth": 1, "time": 1749732227.832976, "data": {"name": "Final Error", "traceback": "Traceback (most recent call last):\n  File \"C:\\Users\\wenxiu.tian_sx\\AppData\\Local\\Programs\\Python\\Python38\\lib\\site-packages\\poco\\proxy.py\", line 26, in wrapped\n    proxy.wait_for_appearance(timeout=proxy.poco._pre_action_wait_for_appearance)\n  File \"C:\\Users\\wenxiu.tian_sx\\AppData\\Local\\Programs\\Python\\Python38\\lib\\site-packages\\poco\\proxy.py\", line 679, in wait_for_appearance\n    raise PocoTargetTimeout('appearance', self)\npoco.exceptions.PocoTargetTimeout: Waiting timeout for appearance of \"UIObjectProxy of \"cn.wps.moffice_eng:id/writer_maintoolbar_backBtn\"\"\n\nDuring handling of the above exception, another exception occurred:\n\nTraceback (most recent call last):\n  File \"C:\\Users\\wenxiu.tian_sx\\AppData\\Local\\Programs\\Python\\Python38\\lib\\site-packages\\airtest\\cli\\runner.py\", line 72, in runTest\n    exec(compile(code.encode(\"utf-8\"), pyfilepath, 'exec'), self.scope)\n  File \"C:\\Users\\wenxiu.tian_sx\\Desktop\\AndroidAutoTesting\\testcases\\test_ai_history.air\\test_ai_history.py\", line 335, in <module>\n    test_ai_history_file_open()\n  File \"C:\\Users\\wenxiu.tian_sx\\Desktop\\AndroidAutoTesting\\testcases\\test_ai_history.air\\test_ai_history.py\", line 207, in test_ai_history_file_open\n    poco(\"cn.wps.moffice_eng:id/writer_maintoolbar_backBtn\").click()\n  File \"C:\\Users\\wenxiu.tian_sx\\AppData\\Local\\Programs\\Python\\Python38\\lib\\site-packages\\poco\\proxy.py\", line 29, in wrapped\n    raise e\n  File \"C:\\Users\\wenxiu.tian_sx\\AppData\\Local\\Programs\\Python\\Python38\\lib\\site-packages\\poco\\proxy.py\", line 23, in wrapped\n    return func(proxy, *args, **kwargs)\n  File \"C:\\Users\\wenxiu.tian_sx\\AppData\\Local\\Programs\\Python\\Python38\\lib\\site-packages\\poco\\proxy.py\", line 332, in click\n    pos_in_percentage = self.get_position(focus)\n  File \"C:\\Users\\wenxiu.tian_sx\\AppData\\Local\\Programs\\Python\\Python38\\lib\\site-packages\\poco\\proxy.py\", line 72, in wrapped\n    return func(proxy, *args, **kwargs)\n  File \"C:\\Users\\wenxiu.tian_sx\\AppData\\Local\\Programs\\Python\\Python38\\lib\\site-packages\\poco\\proxy.py\", line 613, in get_position\n    x, y = map(float, self.attr('pos'))\n  File \"C:\\Users\\wenxiu.tian_sx\\AppData\\Local\\Programs\\Python\\Python38\\lib\\site-packages\\poco\\proxy.py\", line 39, in wrapped\n    return func(self, *args, **kwargs)\n  File \"C:\\Users\\wenxiu.tian_sx\\AppData\\Local\\Programs\\Python\\Python38\\lib\\site-packages\\poco\\proxy.py\", line 734, in attr\n    nodes = self._do_query(multiple=False)\n  File \"C:\\Users\\wenxiu.tian_sx\\AppData\\Local\\Programs\\Python\\Python38\\lib\\site-packages\\poco\\proxy.py\", line 888, in _do_query\n    raise PocoNoSuchNodeException(self)\npoco.exceptions.PocoNoSuchNodeException: Cannot find any visible node by query UIObjectProxy of \"cn.wps.moffice_eng:id/writer_maintoolbar_backBtn\"\n"}}
